<?xml version="1.0" encoding="UTF-8"?>
<!-- Generated by org.testng.reporters.JUnitReportReporter -->
<testsuite hostname="BRILAP3659" failures="0" tests="1" name="mavenproject1.mavenproject1.AppTest" time="0.003" errors="0" timestamp="2024-07-11T13:56:27 IST" skipped="0">
  <testcase classname="mavenproject1.mavenproject1.AppTest" name="testApp" time="0.003"/>
  <system-out/>
</testsuite> <!-- mavenproject1.mavenproject1.AppTest -->
