<?xml version="1.0" encoding="UTF-8"?>
<!-- Generated by org.testng.reporters.JUnitReportReporter -->
<testsuite hostname="BRILAP3659" failures="0" tests="1" name="inputtext.InputText" time="2.348" errors="0" timestamp="2024-07-11T15:21:27 IST" skipped="0">
  <testcase classname="inputtext.InputText" name="init" time="2.348"/>
  <system-out/>
</testsuite> <!-- inputtext.InputText -->
