<?xml version="1.0" encoding="UTF-8"?>
<!-- Generated by org.testng.reporters.JUnitReportReporter -->
<testsuite hostname="BRILAP3659" failures="0" tests="1" name="TestNGsample" time="19.373" errors="0" timestamp="2024-07-10T11:56:32 IST" skipped="0">
  <testcase classname="TestNGsample" name="getURL" time="19.373"/>
  <system-out/>
</testsuite> <!-- TestNGsample -->
